2017-05-26T19:44:06.907Z - info: T0LAB6TPE usage: 594784730
2017-05-26T19:44:06.908Z - info: T048Y4BRV usage: 21297
2017-05-26T19:44:06.908Z - info: T0QEPHHN1 usage: 2570709
2017-05-26T19:44:06.908Z - info: T3ACQJG65 usage: 139375
2017-05-26T19:44:06.908Z - info: T4GM3QUCC usage: 0
2017-05-26T19:44:06.920Z - info: SET_NETWORK_STATUS : "online"
2017-05-26T19:44:07.019Z - info: Checking network connection to Slack...
2017-05-26T19:44:07.051Z - info: Bugsnag user: U0LAVUG3X
2017-05-26T19:44:15.466Z - warn: Skipping empty page check for  https://codeforatlanta.slack.com/min
2017-05-26T19:44:15.655Z - warn: Skipping empty page check for  https://siffers.slack.com/min
2017-05-26T19:44:15.946Z - warn: Skipping empty page check for  https://bot-0001.slack.com/min
2017-05-26T19:44:16.088Z - warn: Skipping empty page check for  https://atlantaexplorer.slack.com/min
2017-05-26T19:45:36.293Z - info: SELECT_TEAM : "T0QEPHHN1"
2017-05-26T19:45:36.326Z - info: Team T0LAB6TPE was active for 89418
2017-05-26T19:45:36.336Z - info: Restoring team AtlantaExplorer
2017-05-26T19:45:36.356Z - info: Marking team T0QEPHHN1 as loaded
2017-05-26T19:45:36.845Z - info: SELECT_TEAM : "T048Y4BRV"
2017-05-26T19:45:36.863Z - info: Team T0QEPHHN1 was active for 536
2017-05-26T19:45:36.874Z - info: Restoring team Code for Atlanta
2017-05-26T19:45:36.897Z - info: Marking team T048Y4BRV as loaded
2017-05-26T19:45:44.322Z - info: Team T048Y4BRV was active for 7460
2017-05-26T19:51:28.875Z - warn: Skipping empty page check for  https://bot-0001.slack.com/messages/C3ACQJMU1/
2017-05-26T19:52:12.524Z - info: Couldn't tickle MS: Cannot read property 'maybeTickleMS' of undefined
2017-05-26T19:53:13.523Z - info: Couldn't tickle MS: Cannot read property 'maybeTickleMS' of undefined
2017-05-26T19:54:14.524Z - info: Couldn't tickle MS: Cannot read property 'maybeTickleMS' of undefined
2017-05-26T19:55:15.526Z - info: Couldn't tickle MS: Cannot read property 'maybeTickleMS' of undefined
2017-05-26T19:56:16.524Z - info: Couldn't tickle MS: Cannot read property 'maybeTickleMS' of undefined
2017-05-26T19:57:17.524Z - info: Couldn't tickle MS: Cannot read property 'maybeTickleMS' of undefined
2017-05-26T19:58:18.526Z - info: Couldn't tickle MS: Cannot read property 'maybeTickleMS' of undefined
2017-05-26T19:59:19.525Z - info: Couldn't tickle MS: Cannot read property 'maybeTickleMS' of undefined
2017-05-26T20:00:20.526Z - info: Couldn't tickle MS: Cannot read property 'maybeTickleMS' of undefined
2017-05-26T20:01:21.523Z - info: Couldn't tickle MS: Cannot read property 'maybeTickleMS' of undefined
