2017-05-26T05:51:32.584Z - info: T0LAB6TPE usage: 591292307
2017-05-26T05:51:32.587Z - info: T048Y4BRV usage: 21297
2017-05-26T05:51:32.587Z - info: T0QEPHHN1 usage: 2570030
2017-05-26T05:51:32.587Z - info: T3ACQJG65 usage: 139375
2017-05-26T05:51:32.587Z - info: T4GM3QUCC usage: 0
2017-05-26T05:51:32.602Z - info: SET_NETWORK_STATUS : "online"
2017-05-26T05:51:32.718Z - info: Checking network connection to Slack...
2017-05-26T05:51:32.777Z - info: Bugsnag user: U0LAVUG3X
2017-05-26T05:51:40.614Z - warn: Skipping empty page check for  https://atlantaexplorer.slack.com/min
2017-05-26T05:51:40.815Z - warn: Skipping empty page check for  https://codeforatlanta.slack.com/min
2017-05-26T05:51:40.986Z - warn: Skipping empty page check for  https://bot-0001.slack.com/min
2017-05-26T05:51:41.246Z - warn: Skipping empty page check for  https://siffers.slack.com/min
2017-05-26T05:52:55.519Z - info: SELECT_TEAM : "T0QEPHHN1"
2017-05-26T05:52:55.544Z - info: Team T0LAB6TPE was active for 82956
2017-05-26T05:52:55.553Z - info: Restoring team AtlantaExplorer
2017-05-26T05:52:55.576Z - info: Marking team T0QEPHHN1 as loaded
2017-05-26T05:52:56.199Z - info: SELECT_TEAM : "T0LAB6TPE"
2017-05-26T05:52:56.223Z - info: Team T0QEPHHN1 was active for 679
2017-05-26T06:49:45.690Z - info: Team T0LAB6TPE was active for 3409467
2017-05-26T06:49:45.691Z - info: UPDATE_TEAM_USAGE : {
  "T0LAB6TPE": 3492423,
  "T0QEPHHN1": 679
}
