2017-05-25T18:00:25.144Z - info: T0LAB6TPE usage: 589281439
2017-05-25T18:00:25.145Z - info: T048Y4BRV usage: 21297
2017-05-25T18:00:25.145Z - info: T0QEPHHN1 usage: 2570030
2017-05-25T18:00:25.145Z - info: T3ACQJG65 usage: 139375
2017-05-25T18:00:25.145Z - info: T4GM3QUCC usage: 0
2017-05-25T18:00:25.155Z - info: SET_NETWORK_STATUS : "online"
2017-05-25T18:00:25.248Z - info: Checking network connection to Slack...
2017-05-25T18:00:25.300Z - info: Bugsnag user: U0LAVUG3X
2017-05-25T18:00:35.041Z - warn: Skipping empty page check for  https://bot-0001.slack.com/min
2017-05-25T18:00:35.325Z - warn: Skipping empty page check for  https://atlantaexplorer.slack.com/min
2017-05-25T18:00:35.474Z - warn: Skipping empty page check for  https://codeforatlanta.slack.com/min
2017-05-25T18:00:35.634Z - warn: Skipping empty page check for  https://siffers.slack.com/min
2017-05-25T18:13:40.178Z - warn: Skipping empty page check for  https://pantherhackers.slack.com/threads/
2017-05-25T18:13:48.411Z - warn: Skipping empty page check for  https://bot-0001.slack.com/messages/C3ACQJMU1/
2017-05-25T18:14:26.427Z - info: Couldn't tickle MS: Cannot read property 'maybeTickleMS' of undefined
2017-05-25T18:15:27.418Z - info: Couldn't tickle MS: Cannot read property 'maybeTickleMS' of undefined
2017-05-25T18:16:28.419Z - info: Couldn't tickle MS: Cannot read property 'maybeTickleMS' of undefined
2017-05-25T18:17:29.419Z - info: Couldn't tickle MS: Cannot read property 'maybeTickleMS' of undefined
2017-05-25T18:18:30.418Z - info: Couldn't tickle MS: Cannot read property 'maybeTickleMS' of undefined
2017-05-25T18:19:31.419Z - info: Couldn't tickle MS: Cannot read property 'maybeTickleMS' of undefined
2017-05-25T18:20:32.418Z - info: Couldn't tickle MS: Cannot read property 'maybeTickleMS' of undefined
2017-05-25T18:21:33.420Z - info: Couldn't tickle MS: Cannot read property 'maybeTickleMS' of undefined
2017-05-25T18:22:34.421Z - info: Couldn't tickle MS: Cannot read property 'maybeTickleMS' of undefined
2017-05-25T18:23:35.427Z - info: Couldn't tickle MS: Cannot read property 'maybeTickleMS' of undefined
2017-05-25T18:24:36.421Z - info: Couldn't tickle MS: Cannot read property 'maybeTickleMS' of undefined
2017-05-25T18:25:37.421Z - info: Couldn't tickle MS: Cannot read property 'maybeTickleMS' of undefined
2017-05-25T18:26:38.421Z - info: Couldn't tickle MS: Cannot read property 'maybeTickleMS' of undefined
2017-05-25T18:27:39.421Z - info: Couldn't tickle MS: Cannot read property 'maybeTickleMS' of undefined
2017-05-25T18:28:40.420Z - info: Couldn't tickle MS: Cannot read property 'maybeTickleMS' of undefined
2017-05-25T18:29:41.418Z - info: Couldn't tickle MS: Cannot read property 'maybeTickleMS' of undefined
2017-05-25T18:30:42.419Z - info: Couldn't tickle MS: Cannot read property 'maybeTickleMS' of undefined
2017-05-25T18:31:43.421Z - info: Couldn't tickle MS: Cannot read property 'maybeTickleMS' of undefined
2017-05-25T18:32:44.419Z - info: Couldn't tickle MS: Cannot read property 'maybeTickleMS' of undefined
2017-05-25T18:33:45.425Z - info: Couldn't tickle MS: Cannot read property 'maybeTickleMS' of undefined
2017-05-25T18:33:56.013Z - info: Team T0LAB6TPE was active for 2010868
2017-05-25T18:33:56.014Z - info: UPDATE_TEAM_USAGE : {
  "T0LAB6TPE": 2010868
}
